#
# A fatal error has been detected by the Java Runtime Environment:
#
#  Internal Error (os_windows_x86.cpp:114), pid=1528, tid=4684
#  Error: guarantee(result == -1,"Unexpected result from topLevelExceptionFilter")
#
# JRE version: 6.0_17-b04
# Java VM: Java HotSpot(TM) 64-Bit Server VM (14.3-b01 mixed mode windows-amd64 )
# If you would like to submit a bug report, please visit:
#   http://java.sun.com/webapps/bugreport/crash.jsp
# The crash happened outside the Java Virtual Machine in native code.
# See problematic frame for where to report the bug.
#

---------------  T H R E A D  ---------------

Current thread (0x0000000004d56800):  JavaThread "main" [_thread_in_native, id=4684, stack(0x00000000000f0000,0x00000000040f0000)]

Stack: [0x00000000000f0000,0x00000000040f0000]
[error occurred during error reporting (printing stack bounds), id 0xc0000005]

Java frames: (J=compiled Java code, j=interpreted, Vv=VM code)
j  com.mathworks.jmi.NativeMatlab.PostMatlabMessage(Ljava/lang/Object;J)V+0
j  com.mathworks.jmi.NativeMatlab.postMatlabMessage(Ljava/lang/Object;J)V+3
j  com.mathworks.jmi.NativeMatlab.postMatlabMessage(Ljava/lang/Object;)V+6
j  com.mathworks.jmi.MatlabLooper.postMatlabMessage(Lcom/mathworks/services/message/MWMessage;Lcom/mathworks/services/message/MWHandler;)V+30
j  com.mathworks.jmi.MatlabMCR.postAsync(Lcom/mathworks/services/message/MWMessage;Lcom/mathworks/jmi/CompletionObserver;Lcom/mathworks/jmi/MatlabListener;)V+34
j  com.mathworks.jmi.MatlabMCR.stderrString(Ljava/lang/String;)V+42
j  com.mathworks.jmi.MatlabErrStream.flush()V+42
j  java.io.PrintStream.write([BII)V+30
j  sun.nio.cs.StreamEncoder.writeBytes()V+120
j  sun.nio.cs.StreamEncoder.implFlushBuffer()V+11
j  sun.nio.cs.StreamEncoder.flushBuffer()V+15
j  java.io.OutputStreamWriter.flushBuffer()V+4
j  java.io.PrintStream.write(Ljava/lang/String;)V+27
j  java.io.PrintStream.print(Ljava/lang/String;)V+9
j  java.io.PrintStream.println(Ljava/lang/Object;)V+11
j  java.lang.Throwable.printStackTrace(Ljava/io/PrintStream;)V+6
j  java.lang.Throwable.printStackTrace()V+4
v  ~StubRoutines::call_stub

---------------  P R O C E S S  ---------------

Java Threads: ( => current thread )
  0x000000000e5fd800 JavaThread "Code Analyzer updating thread" [_thread_blocked, id=6256, stack(0x000000005e120000,0x000000005e1a0000)]
  0x000000000e5fc800 JavaThread "Prefs Updater" daemon [_thread_blocked, id=5820, stack(0x000000001d1f0000,0x000000001d270000)]
  0x000000000e5fe000 JavaThread "Foxtrot Single Worker Thread #1" daemon [_thread_blocked, id=1136, stack(0x000000000fcd0000,0x000000000fd50000)]
  0x000000000e5fb000 JavaThread "Active Reference Queue Daemon" daemon [_thread_blocked, id=6396, stack(0x0000000015050000,0x00000000150d0000)]
  0x000000000e5fa800 JavaThread "Timer-2" daemon [_thread_blocked, id=1524, stack(0x0000000010ed0000,0x0000000010f50000)]
  0x000000000e5f7800 JavaThread "Timer-1" daemon [_thread_blocked, id=2972, stack(0x000000000fe30000,0x000000000feb0000)]
  0x000000000e5f9800 JavaThread "FelixPackageAdmin" daemon [_thread_blocked, id=5520, stack(0x000000000feb0000,0x000000000ff30000)]
  0x000000000e5f9000 JavaThread "FelixStartLevel" daemon [_thread_blocked, id=5048, stack(0x000000000d7d0000,0x000000000d850000)]
  0x000000000e5f8800 JavaThread "FelixDispatchQueue" daemon [_thread_blocked, id=5768, stack(0x000000000fc40000,0x000000000fcc0000)]
  0x000000000e565800 JavaThread "TimerQueue" daemon [_thread_blocked, id=4784, stack(0x000000000f1a0000,0x000000000f220000)]
  0x000000000e623800 JavaThread "AWT-EventQueue-0" [_thread_blocked, id=6984, stack(0x000000000f240000,0x000000000f2c0000)]
  0x000000000e41f800 JavaThread "com.google.common.base.internal.Finalizer" daemon [_thread_blocked, id=6804, stack(0x000000000d5f0000,0x000000000d670000)]
  0x000000000e57a800 JavaThread "AWT-Windows" daemon [_thread_in_native, id=6376, stack(0x000000000d3b0000,0x000000000d430000)]
  0x000000000e578000 JavaThread "AWT-Shutdown" [_thread_blocked, id=4616, stack(0x000000000d440000,0x000000000d4c0000)]
  0x000000000e41e000 JavaThread "Java2D Disposer" daemon [_thread_blocked, id=1088, stack(0x0000000007cb0000,0x0000000007d30000)]
  0x000000000e258000 JavaThread "Timer-0" [_thread_blocked, id=6972, stack(0x0000000007e60000,0x0000000007ee0000)]
  0x000000000d2b4000 JavaThread "JMI Unnamed Thread" [_thread_in_native, id=6380, stack(0x0000000015100000,0x0000000019100000)]
  0x000000000833f800 JavaThread "Low Memory Detector" daemon [_thread_blocked, id=5496, stack(0x0000000008640000,0x00000000086c0000)]
  0x0000000008338000 JavaThread "CompilerThread1" daemon [_thread_blocked, id=5824, stack(0x000000008c1f0000,0x00000000901f0000)]
  0x0000000008335000 JavaThread "CompilerThread0" daemon [_thread_blocked, id=5996, stack(0x00000000881a0000,0x000000008c1a0000)]
  0x0000000008334000 JavaThread "Attach Listener" daemon [_thread_blocked, id=7028, stack(0x0000000007f20000,0x0000000007fa0000)]
  0x00000000082d9000 JavaThread "Finalizer" daemon [_thread_blocked, id=1292, stack(0x0000000008430000,0x00000000084b0000)]
  0x00000000082d8800 JavaThread "Reference Handler" daemon [_thread_blocked, id=6508, stack(0x0000000008080000,0x0000000008100000)]
=>0x0000000004d56800 JavaThread "main" [_thread_in_native, id=4684, stack(0x00000000000f0000,0x00000000040f0000)]

Other Threads:
  0x00000000082d5000 VMThread [stack: 0x0000000084090000,0x0000000088090000] [id=4508]
  0x00000000083bd800 WatcherThread [stack: 0x00000000902c0000,0x00000000942c0000] [id=6280]

VM state:not at safepoint (normal execution)

VM Mutex/Monitor currently owned by a thread: None

Heap
 PSYoungGen      total 20288K, used 9343K [0x0000000055ce0000, 0x0000000057b90000, 0x0000000058de0000)
  eden space 9344K, 99% used [0x0000000055ce0000,0x00000000565ffe90,0x0000000056600000)
  from space 10944K, 0% used [0x00000000570c0000,0x00000000570c0000,0x0000000057b70000)
  to   space 11008K, 0% used [0x0000000056600000,0x0000000056600000,0x00000000570c0000)
 PSOldGen        total 150528K, used 150527K [0x000000004c9e0000, 0x0000000055ce0000, 0x0000000055ce0000)
  object space 150528K, 99% used [0x000000004c9e0000,0x0000000055cdffe0,0x0000000055ce0000)
 PSPermGen       total 55936K, used 55624K [0x00000000449e0000, 0x0000000048080000, 0x000000004c9e0000)
  object space 55936K, 99% used [0x00000000449e0000,0x0000000048032280,0x0000000048080000)

Dynamic libraries:
0x000000013f9b0000 - 0x000000013f9d9000 	C:\Program Files\MATLAB\R2011b\bin\win64\MATLAB.exe
0x0000000077a70000 - 0x0000000077c19000 	C:\Windows\SYSTEM32\ntdll.dll
0x0000000077850000 - 0x000000007796f000 	C:\Windows\system32\kernel32.dll
0x000007fefdcd0000 - 0x000007fefdd3c000 	C:\Windows\system32\KERNELBASE.dll
0x0000000074460000 - 0x0000000074563000 	C:\Program Files\MATLAB\R2011b\bin\win64\libut.dll
0x00000000758a0000 - 0x0000000075944000 	C:\Program Files\MATLAB\R2011b\bin\win64\libmwi18n.dll
0x0000000180000000 - 0x000000018000b000 	C:\Program Files\MATLAB\R2011b\bin\win64\libmwresource_core.dll
0x0000000073730000 - 0x0000000073803000 	C:\Windows\WinSxS\amd64_microsoft.vc90.crt_1fc8b3b9a1e18e3b_9.0.30729.5054_none_08e4d1f3a83cf865\MSVCP90.dll
0x00000000756a0000 - 0x000000007573d000 	C:\Windows\WinSxS\amd64_microsoft.vc90.crt_1fc8b3b9a1e18e3b_9.0.30729.5054_none_08e4d1f3a83cf865\MSVCR90.dll
0x000000007a170000 - 0x000000007a19c000 	C:\Program Files\MATLAB\R2011b\bin\win64\boost_filesystem-vc90-mt-1_44.dll
0x000000007a560000 - 0x000000007a569000 	C:\Program Files\MATLAB\R2011b\bin\win64\boost_system-vc90-mt-1_44.dll
0x000007feff0c0000 - 0x000007feff19b000 	C:\Windows\system32\ADVAPI32.dll
0x000007fefdd80000 - 0x000007fefde1f000 	C:\Windows\system32\msvcrt.dll
0x000007feffc10000 - 0x000007feffc2f000 	C:\Windows\SYSTEM32\sechost.dll
0x000007feff950000 - 0x000007feffa7d000 	C:\Windows\system32\RPCRT4.dll
0x000000007a010000 - 0x000000007a035000 	C:\Program Files\MATLAB\R2011b\bin\win64\LIBEXPAT.dll
0x00000000614b0000 - 0x00000000616a1000 	C:\Program Files\MATLAB\R2011b\bin\win64\icuin44.dll
0x0000000061330000 - 0x00000000614a1000 	C:\Program Files\MATLAB\R2011b\bin\win64\icuuc44.dll
0x0000000010000000 - 0x0000000010e41000 	C:\Program Files\MATLAB\R2011b\bin\win64\icudt44.dll
0x0000000073f70000 - 0x00000000740b5000 	C:\Program Files\MATLAB\R2011b\bin\win64\libmwfl.dll
0x000000007a350000 - 0x000000007a556000 	C:\Program Files\MATLAB\R2011b\bin\win64\libmwMATLAB_res.dll
0x0000000004160000 - 0x0000000004170000 	C:\Program Files\MATLAB\R2011b\bin\win64\boost_date_time-vc90-mt-1_44.dll
0x000000007a250000 - 0x000000007a263000 	C:\Program Files\MATLAB\R2011b\bin\win64\boost_signals-vc90-mt-1_44.dll
0x000000007a2d0000 - 0x000000007a2e2000 	C:\Program Files\MATLAB\R2011b\bin\win64\boost_thread-vc90-mt-1_44.dll
0x00000000042a0000 - 0x00000000042e6000 	C:\Program Files\MATLAB\R2011b\bin\win64\tbb.dll
0x000007fefec50000 - 0x000007fefec69000 	C:\Windows\system32\imagehlp.dll
0x0000000077c30000 - 0x0000000077c37000 	C:\Windows\system32\PSAPI.DLL
0x0000000073920000 - 0x0000000073933000 	C:\Program Files\MATLAB\R2011b\bin\win64\icuio44.dll
0x000007fefb000000 - 0x000007fefb125000 	C:\Windows\system32\dbghelp.dll
0x0000000077970000 - 0x0000000077a6a000 	C:\Windows\system32\USER32.dll
0x000007fefebb0000 - 0x000007fefec17000 	C:\Windows\system32\GDI32.dll
0x000007fefeda0000 - 0x000007fefedae000 	C:\Windows\system32\LPK.dll
0x000007fefedb0000 - 0x000007fefee79000 	C:\Windows\system32\USP10.dll
0x000000007bed0000 - 0x000000007c148000 	C:\Program Files\MATLAB\R2011b\bin\win64\libmwservices.dll
0x0000000075a20000 - 0x0000000075ad5000 	C:\Program Files\MATLAB\R2011b\bin\win64\libmx.dll
0x000000007a210000 - 0x000000007a228000 	C:\Program Files\MATLAB\R2011b\bin\win64\zlib1.dll
0x0000000074330000 - 0x0000000074453000 	C:\Program Files\MATLAB\R2011b\bin\win64\libmwmathutil.dll
0x0000000075f10000 - 0x0000000075f5d000 	C:\Program Files\MATLAB\R2011b\bin\win64\mpath.dll
0x000000007b680000 - 0x000000007bb4d000 	C:\Program Files\MATLAB\R2011b\bin\win64\mlutil.dll
0x0000000068d30000 - 0x0000000068daf000 	C:\Program Files\MATLAB\R2011b\bin\win64\xmlcore.dll
0x000000007bc30000 - 0x000000007be83000 	C:\Program Files\MATLAB\R2011b\bin\win64\xerces-c_2_7.dll
0x000007feffcb0000 - 0x000007feffcfd000 	C:\Windows\system32\WS2_32.dll
0x000007feff940000 - 0x000007feff948000 	C:\Windows\system32\NSI.dll
0x0000000004390000 - 0x00000000043a6000 	C:\Program Files\MATLAB\R2011b\bin\win64\libmwsettings_res.dll
0x00000000043c0000 - 0x0000000004407000 	C:\Program Files\MATLAB\R2011b\bin\win64\boost_serialization-vc90-mt-1_44.dll
0x000007fefde20000 - 0x000007fefeba8000 	C:\Windows\system32\SHELL32.dll
0x000007feffc30000 - 0x000007feffca1000 	C:\Windows\system32\SHLWAPI.dll
0x000007fef8ed0000 - 0x000007fef8f70000 	C:\Windows\WinSxS\amd64_microsoft.windows.common-controls_6595b64144ccf1df_5.82.7601.18201_none_a4d3b9377117c3df\COMCTL32.dll
0x000007feff7c0000 - 0x000007feff857000 	C:\Windows\system32\COMDLG32.dll
0x000007fefb830000 - 0x000007fefb846000 	C:\Windows\system32\NETAPI32.dll
0x000007fefce30000 - 0x000007fefce3c000 	C:\Windows\system32\netutils.dll
0x000007fefd480000 - 0x000007fefd4a3000 	C:\Windows\system32\srvcli.dll
0x000007fefb810000 - 0x000007fefb825000 	C:\Windows\system32\wkscli.dll
0x000007feff1a0000 - 0x000007feff3a3000 	C:\Windows\system32\ole32.dll
0x000007feff860000 - 0x000007feff937000 	C:\Windows\system32\OLEAUT32.dll
0x0000000074970000 - 0x0000000074a41000 	C:\Program Files\MATLAB\R2011b\bin\win64\mcr.dll
0x0000000075000000 - 0x0000000075324000 	C:\Program Files\MATLAB\R2011b\bin\win64\iqm.dll
0x0000000060b60000 - 0x0000000061330000 	C:\Program Files\MATLAB\R2011b\bin\win64\m_interpreter.dll
0x0000000073940000 - 0x0000000073955000 	C:\Program Files\MATLAB\R2011b\bin\win64\libmex.dll
0x00000000628c0000 - 0x000000006296e000 	C:\Program Files\MATLAB\R2011b\bin\win64\m_dispatcher.dll
0x0000000074880000 - 0x000000007496d000 	C:\Program Files\MATLAB\R2011b\bin\win64\boost_regex-vc90-mt-1_44.dll
0x000000006ad10000 - 0x000000006ad94000 	C:\Program Files\MATLAB\R2011b\bin\win64\profiler.dll
0x0000000079f40000 - 0x0000000079f73000 	C:\Program Files\MATLAB\R2011b\bin\win64\libmwmathrng.dll
0x0000000074c10000 - 0x0000000074cea000 	C:\Program Files\MATLAB\R2011b\bin\win64\libmwmathcore.dll
0x0000000076160000 - 0x00000000761cb000 	C:\Program Files\MATLAB\R2011b\bin\win64\libmwspmatrix.dll
0x0000000075ea0000 - 0x0000000075f02000 	C:\Program Files\MATLAB\R2011b\bin\win64\libmwcholmod.dll
0x00000000044d0000 - 0x00000000044dd000 	C:\Program Files\MATLAB\R2011b\bin\win64\libmwamd.dll
0x00000000044f0000 - 0x00000000044fc000 	C:\Program Files\MATLAB\R2011b\bin\win64\libmwcolamd.dll
0x0000000072410000 - 0x0000000072429000 	C:\Program Files\MATLAB\R2011b\bin\win64\libmwblas.dll
0x0000000072480000 - 0x0000000072492000 	C:\Program Files\MATLAB\R2011b\bin\win64\libmwbinder.dll
0x0000000072400000 - 0x000000007240b000 	C:\Program Files\MATLAB\R2011b\bin\win64\libmwompwrapper.dll
0x0000000062990000 - 0x0000000062a12000 	C:\Program Files\MATLAB\R2011b\bin\win64\libmwlapack.dll
0x0000000068e30000 - 0x0000000068e51000 	C:\Program Files\MATLAB\R2011b\bin\win64\m_pcodeio.dll
0x0000000079b10000 - 0x0000000079b77000 	C:\Program Files\MATLAB\R2011b\bin\win64\m_ir.dll
0x0000000060520000 - 0x0000000060b60000 	C:\Program Files\MATLAB\R2011b\bin\win64\m_parser.dll
0x000000006fe40000 - 0x000000006fe5a000 	C:\Program Files\MATLAB\R2011b\bin\win64\ir_xfmr.dll
0x0000000060290000 - 0x0000000060515000 	C:\Program Files\MATLAB\R2011b\bin\win64\mcos.dll
0x0000000072f50000 - 0x0000000072f5c000 	C:\Program Files\MATLAB\R2011b\bin\win64\mtok.dll
0x00000000617d0000 - 0x0000000061801000 	C:\Program Files\MATLAB\R2011b\bin\win64\m_pcodegen.dll
0x0000000079fb0000 - 0x0000000079fe5000 	C:\Program Files\MATLAB\R2011b\bin\win64\libmwbridge.dll
0x00000000601c0000 - 0x0000000060288000 	C:\Program Files\MATLAB\R2011b\bin\win64\udd.dll
0x0000000060070000 - 0x00000000601b7000 	C:\Program Files\MATLAB\R2011b\bin\win64\libmwgui.dll
0x00000000711c0000 - 0x00000000711d7000 	C:\Program Files\MATLAB\R2011b\bin\win64\graphics_util.dll
0x000000005f6c0000 - 0x0000000060070000 	C:\Program Files\MATLAB\R2011b\bin\win64\hg.dll
0x0000000076100000 - 0x0000000076158000 	C:\Program Files\MATLAB\R2011b\bin\win64\libmat.dll
0x0000000072d30000 - 0x0000000072f44000 	C:\Program Files\MATLAB\R2011b\bin\win64\hdf5dll.dll
0x0000000004630000 - 0x00000000046bd000 	C:\Program Files\MATLAB\R2011b\bin\win64\jmi.dll
0x00000000046d0000 - 0x00000000046de000 	C:\Program Files\MATLAB\R2011b\bin\win64\nativejava_services.dll
0x000000005f670000 - 0x000000005f6b3000 	C:\Program Files\MATLAB\R2011b\bin\win64\libmwhardcopy.dll
0x000000005f600000 - 0x000000005f663000 	C:\Program Files\MATLAB\R2011b\bin\win64\libuij.dll
0x000000005f3f0000 - 0x000000005f5f7000 	C:\Program Files\MATLAB\R2011b\bin\win64\hgdatatypes.dll
0x000000005f2f0000 - 0x000000005f3e9000 	C:\Program Files\MATLAB\R2011b\bin\win64\hgutils.dll
0x000000005f230000 - 0x000000005f2ed000 	C:\Program Files\MATLAB\R2011b\bin\win64\udd_mi.dll
0x0000000004740000 - 0x0000000004a09000 	C:\Program Files\MATLAB\R2011b\bin\win64\uiw.dll
0x0000000071e00000 - 0x0000000071e0f000 	C:\Program Files\MATLAB\R2011b\bin\win64\uinone.dll
0x000007fef9dc0000 - 0x000007fef9dd8000 	C:\Windows\system32\MPR.dll
0x000000005ed40000 - 0x000000005f224000 	C:\Windows\WinSxS\amd64_microsoft.vc90.mfc_1fc8b3b9a1e18e3b_9.0.30729.5054_none_044966a7ab1fe75a\mfc90.dll
0x000007fef5640000 - 0x000007fef5647000 	C:\Windows\system32\MSIMG32.dll
0x000007fef6f00000 - 0x000007fef6f71000 	C:\Windows\system32\WINSPOOL.DRV
0x000000006b970000 - 0x000000006b991000 	C:\Program Files\MATLAB\R2011b\bin\win64\mwoles05.DLL
0x000000005ecc0000 - 0x000000005ed35000 	C:\Program Files\MATLAB\R2011b\bin\win64\comcli.dll
0x00000000736d0000 - 0x00000000736ff000 	C:\Windows\WinSxS\amd64_microsoft.vc90.atl_1fc8b3b9a1e18e3b_9.0.30729.5054_none_0a1e8d3fa769eea9\ATL90.DLL
0x0000000072130000 - 0x000000007213c000 	C:\Program Files\MATLAB\R2011b\bin\win64\mlautoregister.dll
0x0000000004a60000 - 0x0000000004a70000 	C:\Program Files\MATLAB\R2011b\bin\win64\boost_iostreams-vc90-mt-1_44.dll
0x000007fefec20000 - 0x000007fefec4e000 	C:\Windows\system32\IMM32.DLL
0x000007feff3b0000 - 0x000007feff4b9000 	C:\Windows\system32\MSCTF.dll
0x000007fefc2b0000 - 0x000007fefc306000 	C:\Windows\system32\UxTheme.dll
0x000007fefbd50000 - 0x000007fefbd68000 	C:\Windows\system32\dwmapi.dll
0x0000000070540000 - 0x000000007054d000 	C:\Windows\WinSxS\amd64_microsoft.vc90.mfcloc_1fc8b3b9a1e18e3b_9.0.30729.5054_none_01c811ba60cd246c\MFC90ENU.DLL
0x0000000004ac0000 - 0x0000000004ae9000 	C:\Program Files\MATLAB\R2011b\bin\win64\tbbmalloc.dll
0x000007fefd970000 - 0x000007fefd97f000 	C:\Windows\system32\profapi.dll
0x000007fefa1f0000 - 0x000007fefa1ff000 	C:\Program Files\MATLAB\R2011b\bin\win64\xmlxrcsc.dll
0x000007fefd860000 - 0x000007fefd86f000 	C:\Windows\system32\CRYPTBASE.dll
0x000007fefc310000 - 0x000007fefc504000 	C:\Windows\WinSxS\amd64_microsoft.windows.common-controls_6595b64144ccf1df_6.0.7601.17514_none_fa396087175ac9ac\comctl32.dll
0x000007feff720000 - 0x000007feff7b9000 	C:\Windows\system32\CLBCatQ.DLL
0x000007fefbd70000 - 0x000007fefbe9c000 	C:\Windows\system32\propsys.dll
0x000007fefca80000 - 0x000007fefcaad000 	C:\Windows\system32\ntmarta.dll
0x000007feff060000 - 0x000007feff0b2000 	C:\Windows\system32\WLDAP32.dll
0x000007fefee80000 - 0x000007feff057000 	C:\Windows\system32\SETUPAPI.dll
0x000007fefdc50000 - 0x000007fefdc86000 	C:\Windows\system32\CFGMGR32.dll
0x000007fefdac0000 - 0x000007fefdada000 	C:\Windows\system32\DEVOBJ.dll
0x0000000068d20000 - 0x0000000068d23000 	C:\Windows\system32\icmp.Dll
0x000007fef9ad0000 - 0x000007fef9af7000 	C:\Windows\system32\iphlpapi.DLL
0x000007fef9ac0000 - 0x000007fef9acb000 	C:\Windows\system32\WINNSI.DLL
0x000007fefd7d0000 - 0x000007fefd7f5000 	C:\Windows\system32\SspiCli.dll
0x000007fefb3d0000 - 0x000007fefb3e5000 	C:\Windows\system32\NLAapi.dll
0x000007fef8d30000 - 0x000007fef8d45000 	C:\Windows\system32\napinsp.dll
0x000007fef8d50000 - 0x000007fef8d69000 	C:\Windows\system32\pnrpnsp.dll

VM Arguments:
jvm_args: -Xss512k -XX:PermSize=32m -Xms64m -XX:NewRatio=3 -XX:MaxPermSize=128m -Xmx196m -XX:MaxDirectMemorySize=2147400000 -Dsun.java2d.noddraw=true -Dsun.awt.nopixfmt=true -Xshare:off -Xrs -Dsun.awt.disableMixing=true -Djava.library.path=C:\Program Files\MATLAB\R2011b\bin\win64 vfprintf abort 
java_command: <unknown>
Launcher Type: generic

Environment Variables:
CLASSPATH=.;C:\Program Files (x86)\QuickTime\QTSystem\QTJava.zip
PATH=C:\ProgramData\Oracle\Java\javapath;C:\Windows\system32;C:\Windows;C:\Windows\System32\Wbem;C:\Windows\System32\WindowsPowerShell\v1.0\;C:\Program Files\MATLAB\R2011b\bin;C:\Program Files (x86)\IVI Foundation\IVI\bin;C:\Program Files\IVI Foundation\IVI\bin;C:\Program Files\IVI Foundation\VISA\Win64\Bin\;C:\Program Files (x86)\IVI Foundation\VISA\WinNT\Bin\;C:\Program Files (x86)\IVI Foundation\VISA\WinNT\Bin;C:\Program Files (x86)\PharosSystems\Core;c:\Program Files (x86)\Microsoft SQL Server\100\Tools\Binn\;c:\Program Files\Microsoft SQL Server\100\Tools\Binn\;c:\Program Files\Microsoft SQL Server\100\DTS\Binn\;C:\Program Files (x86)\QuickTime\QTSystem\
USERNAME=ejl334
OS=Windows_NT
PROCESSOR_IDENTIFIER=Intel64 Family 6 Model 23 Stepping 10, GenuineIntel



---------------  S Y S T E M  ---------------

OS: Windows 7 Build 7601 Service Pack 1

CPU:total 4 (4 cores per cpu, 1 threads per core) family 6 model 23 stepping 10, cmov, cx8, fxsr, mmx, sse, sse2, sse3, ssse3, sse4.1

Memory: 4k page, physical 4191904k(571844k free), swap 8381948k(1308800k free)

vm_info: Java HotSpot(TM) 64-Bit Server VM (14.3-b01) for windows-amd64 JRE (1.6.0_17-b04), built on Oct 11 2009 00:46:08 by "java_re" with MS VC++ 8.0

time: Sun Feb 01 18:07:13 2015
elapsed time: 3023 seconds

