#
# A fatal error has been detected by the Java Runtime Environment:
#
#  Internal Error (os_windows_x86.cpp:114), pid=6644, tid=6432
#  Error: guarantee(result == -1,"Unexpected result from topLevelExceptionFilter")
#
# JRE version: 6.0_17-b04
# Java VM: Java HotSpot(TM) 64-Bit Server VM (14.3-b01 mixed mode windows-amd64 )
# If you would like to submit a bug report, please visit:
#   http://java.sun.com/webapps/bugreport/crash.jsp
# The crash happened outside the Java Virtual Machine in native code.
# See problematic frame for where to report the bug.
#

---------------  T H R E A D  ---------------

Current thread (0x0000000004c26800):  JavaThread "main" [_thread_in_native, id=6432, stack(0x0000000000200000,0x0000000004200000)]

Stack: [0x0000000000200000,0x0000000004200000]
[error occurred during error reporting (printing stack bounds), id 0xc0000005]

Java frames: (J=compiled Java code, j=interpreted, Vv=VM code)
j  com.mathworks.jmi.NativeMatlab.PostMatlabMessage(Ljava/lang/Object;J)V+0
j  com.mathworks.jmi.NativeMatlab.postMatlabMessage(Ljava/lang/Object;J)V+3
j  com.mathworks.jmi.NativeMatlab.postMatlabMessage(Ljava/lang/Object;)V+6
j  com.mathworks.jmi.MatlabLooper.postMatlabMessage(Lcom/mathworks/services/message/MWMessage;Lcom/mathworks/services/message/MWHandler;)V+30
j  com.mathworks.jmi.MatlabMCR.postAsync(Lcom/mathworks/services/message/MWMessage;Lcom/mathworks/jmi/CompletionObserver;Lcom/mathworks/jmi/MatlabListener;)V+34
j  com.mathworks.jmi.MatlabMCR.stderrString(Ljava/lang/String;)V+42
j  com.mathworks.jmi.MatlabErrStream.flush()V+42
j  java.io.PrintStream.write([BII)V+30
j  sun.nio.cs.StreamEncoder.writeBytes()V+120
j  sun.nio.cs.StreamEncoder.implFlushBuffer()V+11
j  sun.nio.cs.StreamEncoder.flushBuffer()V+15
j  java.io.OutputStreamWriter.flushBuffer()V+4
j  java.io.PrintStream.write(Ljava/lang/String;)V+27
j  java.io.PrintStream.print(Ljava/lang/String;)V+9
j  java.io.PrintStream.println(Ljava/lang/Object;)V+11
j  java.lang.Throwable.printStackTrace(Ljava/io/PrintStream;)V+6
j  java.lang.Throwable.printStackTrace()V+4
j  com.mathworks.hg.peer.FigurePeer.<init>(Lcom/mathworks/widgets/desk/Desktop;I)V+188
j  com.mathworks.hg.peer.FigurePeer.<init>(I)V+3
j  com.mathworks.hg.peer.HG1FigurePeer.<init>(I)V+2
v  ~StubRoutines::call_stub

---------------  P R O C E S S  ---------------

Java Threads: ( => current thread )
  0x0000000055154800 JavaThread "Code Analyzer updating thread" [_thread_blocked, id=5820, stack(0x0000000015040000,0x00000000150c0000)]
  0x0000000055153000 JavaThread "Code Analyzer updating thread" [_thread_blocked, id=6932, stack(0x00000000191b0000,0x0000000019230000)]
  0x0000000055151800 JavaThread "Prefs Updater" daemon [_thread_blocked, id=7352, stack(0x0000000008460000,0x00000000084e0000)]
  0x0000000055152000 JavaThread "Foxtrot Single Worker Thread #1" daemon [_thread_blocked, id=5180, stack(0x0000000007a50000,0x0000000007ad0000)]
  0x0000000055150800 JavaThread "Active Reference Queue Daemon" daemon [_thread_blocked, id=5396, stack(0x000000003d8a0000,0x000000003d920000)]
  0x0000000055150000 JavaThread "Timer-2" daemon [_thread_blocked, id=7748, stack(0x000000000ff60000,0x000000000ffe0000)]
  0x000000005514e800 JavaThread "Timer-1" daemon [_thread_blocked, id=3052, stack(0x000000000f580000,0x000000000f600000)]
  0x000000005514d000 JavaThread "FelixPackageAdmin" daemon [_thread_blocked, id=5584, stack(0x000000001d2f0000,0x000000001d370000)]
  0x00000000554a8800 JavaThread "FelixStartLevel" daemon [_thread_blocked, id=5600, stack(0x0000000019120000,0x00000000191a0000)]
  0x0000000055306000 JavaThread "FelixDispatchQueue" daemon [_thread_blocked, id=6168, stack(0x0000000014fb0000,0x0000000015030000)]
  0x0000000055370800 JavaThread "TimerQueue" daemon [_thread_blocked, id=364, stack(0x0000000010ec0000,0x0000000010f40000)]
  0x0000000055352800 JavaThread "AWT-EventQueue-0" [_thread_blocked, id=2604, stack(0x000000000f680000,0x000000000f700000)]
  0x0000000055148000 JavaThread "com.google.common.base.internal.Finalizer" daemon [_thread_blocked, id=6760, stack(0x000000000f500000,0x000000000f580000)]
  0x0000000054fc4800 JavaThread "AWT-Windows" daemon [_thread_in_native, id=424, stack(0x000000000f2d0000,0x000000000f350000)]
  0x0000000054fa0800 JavaThread "AWT-Shutdown" [_thread_blocked, id=6312, stack(0x000000000f170000,0x000000000f1f0000)]
  0x000000000dfb9000 JavaThread "Java2D Disposer" daemon [_thread_blocked, id=4724, stack(0x000000000e320000,0x000000000e3a0000)]
  0x0000000054e44000 JavaThread "Timer-0" [_thread_blocked, id=6424, stack(0x000000000f0b0000,0x000000000f130000)]
  0x000000000ee2f000 JavaThread "JMI Unnamed Thread" [_thread_in_native, id=7364, stack(0x0000000019240000,0x000000001d240000)]
  0x000000000e016000 JavaThread "Low Memory Detector" daemon [_thread_blocked, id=7880, stack(0x000000000e3d0000,0x000000000e450000)]
  0x000000000e012800 JavaThread "CompilerThread1" daemon [_thread_blocked, id=6660, stack(0x000000006d3c0000,0x00000000713c0000)]
  0x000000000e008000 JavaThread "CompilerThread0" daemon [_thread_blocked, id=5244, stack(0x0000000063650000,0x0000000067650000)]
  0x000000000e006000 JavaThread "Attach Listener" daemon [_thread_blocked, id=1408, stack(0x000000000e230000,0x000000000e2b0000)]
  0x000000000dfa9800 JavaThread "Finalizer" daemon [_thread_blocked, id=3460, stack(0x000000000d4d0000,0x000000000d550000)]
  0x000000000dfa8800 JavaThread "Reference Handler" daemon [_thread_blocked, id=7316, stack(0x000000000e180000,0x000000000e200000)]
=>0x0000000004c26800 JavaThread "main" [_thread_in_native, id=6432, stack(0x0000000000200000,0x0000000004200000)]

Other Threads:
  0x000000000dfa5000 VMThread [stack: 0x000000005f060000,0x0000000063060000] [id=4556]
  0x000000000e039800 WatcherThread [stack: 0x0000000094500000,0x0000000098500000] [id=7788]

VM state:not at safepoint (normal execution)

VM Mutex/Monitor currently owned by a thread: None

Heap
 PSYoungGen      total 32512K, used 15807K [0x0000000091300000, 0x0000000094310000, 0x0000000094400000)
  eden space 15808K, 99% used [0x0000000091300000,0x000000009226ff38,0x0000000092270000)
  from space 16704K, 0% used [0x00000000932c0000,0x00000000932c0000,0x0000000094310000)
  to   space 16704K, 0% used [0x0000000092270000,0x0000000092270000,0x00000000932c0000)
 PSOldGen        total 150528K, used 150527K [0x0000000088000000, 0x0000000091300000, 0x0000000091300000)
  object space 150528K, 99% used [0x0000000088000000,0x00000000912fffe8,0x0000000091300000)
 PSPermGen       total 55808K, used 55511K [0x0000000080000000, 0x0000000083680000, 0x0000000088000000)
  object space 55808K, 99% used [0x0000000080000000,0x0000000083635d68,0x0000000083680000)

Dynamic libraries:
0x000000013fec0000 - 0x000000013fee9000 	C:\Program Files\MATLAB\R2011b\bin\win64\MATLAB.exe
0x00000000776e0000 - 0x0000000077889000 	C:\Windows\SYSTEM32\ntdll.dll
0x00000000775c0000 - 0x00000000776df000 	C:\Windows\system32\kernel32.dll
0x000007fefd770000 - 0x000007fefd7dc000 	C:\Windows\system32\KERNELBASE.dll
0x0000000074460000 - 0x0000000074563000 	C:\Program Files\MATLAB\R2011b\bin\win64\libut.dll
0x00000000758a0000 - 0x0000000075944000 	C:\Program Files\MATLAB\R2011b\bin\win64\libmwi18n.dll
0x0000000180000000 - 0x000000018000b000 	C:\Program Files\MATLAB\R2011b\bin\win64\libmwresource_core.dll
0x0000000072980000 - 0x0000000072a53000 	C:\Windows\WinSxS\amd64_microsoft.vc90.crt_1fc8b3b9a1e18e3b_9.0.30729.5054_none_08e4d1f3a83cf865\MSVCP90.dll
0x0000000072a90000 - 0x0000000072b2d000 	C:\Windows\WinSxS\amd64_microsoft.vc90.crt_1fc8b3b9a1e18e3b_9.0.30729.5054_none_08e4d1f3a83cf865\MSVCR90.dll
0x000000007a170000 - 0x000000007a19c000 	C:\Program Files\MATLAB\R2011b\bin\win64\boost_filesystem-vc90-mt-1_44.dll
0x000000007a560000 - 0x000000007a569000 	C:\Program Files\MATLAB\R2011b\bin\win64\boost_system-vc90-mt-1_44.dll
0x000007fefee20000 - 0x000007fefeefb000 	C:\Windows\system32\ADVAPI32.dll
0x000007fefec20000 - 0x000007fefecbf000 	C:\Windows\system32\msvcrt.dll
0x000007feff650000 - 0x000007feff66f000 	C:\Windows\SYSTEM32\sechost.dll
0x000007feff1e0000 - 0x000007feff30d000 	C:\Windows\system32\RPCRT4.dll
0x000000007a010000 - 0x000000007a035000 	C:\Program Files\MATLAB\R2011b\bin\win64\LIBEXPAT.dll
0x000000005e1b0000 - 0x000000005e3a1000 	C:\Program Files\MATLAB\R2011b\bin\win64\icuin44.dll
0x000000005ee30000 - 0x000000005efa1000 	C:\Program Files\MATLAB\R2011b\bin\win64\icuuc44.dll
0x0000000010000000 - 0x0000000010e41000 	C:\Program Files\MATLAB\R2011b\bin\win64\icudt44.dll
0x0000000073f70000 - 0x00000000740b5000 	C:\Program Files\MATLAB\R2011b\bin\win64\libmwfl.dll
0x000000007a350000 - 0x000000007a556000 	C:\Program Files\MATLAB\R2011b\bin\win64\libmwMATLAB_res.dll
0x0000000000160000 - 0x0000000000170000 	C:\Program Files\MATLAB\R2011b\bin\win64\boost_date_time-vc90-mt-1_44.dll
0x000000007a250000 - 0x000000007a263000 	C:\Program Files\MATLAB\R2011b\bin\win64\boost_signals-vc90-mt-1_44.dll
0x000000007a2d0000 - 0x000000007a2e2000 	C:\Program Files\MATLAB\R2011b\bin\win64\boost_thread-vc90-mt-1_44.dll
0x00000000001a0000 - 0x00000000001e6000 	C:\Program Files\MATLAB\R2011b\bin\win64\tbb.dll
0x000007fefef00000 - 0x000007fefef19000 	C:\Windows\system32\imagehlp.dll
0x00000000778b0000 - 0x00000000778b7000 	C:\Windows\system32\PSAPI.DLL
0x00000000728f0000 - 0x0000000072903000 	C:\Program Files\MATLAB\R2011b\bin\win64\icuio44.dll
0x000007feedef0000 - 0x000007feee015000 	C:\Windows\system32\dbghelp.dll
0x00000000774c0000 - 0x00000000775ba000 	C:\Windows\system32\USER32.dll
0x000007fefef20000 - 0x000007fefef87000 	C:\Windows\system32\GDI32.dll
0x000007feff1d0000 - 0x000007feff1de000 	C:\Windows\system32\LPK.dll
0x000007feff310000 - 0x000007feff3d9000 	C:\Windows\system32\USP10.dll
0x000000007bed0000 - 0x000000007c148000 	C:\Program Files\MATLAB\R2011b\bin\win64\libmwservices.dll
0x0000000075a20000 - 0x0000000075ad5000 	C:\Program Files\MATLAB\R2011b\bin\win64\libmx.dll
0x000000007a210000 - 0x000000007a228000 	C:\Program Files\MATLAB\R2011b\bin\win64\zlib1.dll
0x0000000074330000 - 0x0000000074453000 	C:\Program Files\MATLAB\R2011b\bin\win64\libmwmathutil.dll
0x0000000075f10000 - 0x0000000075f5d000 	C:\Program Files\MATLAB\R2011b\bin\win64\mpath.dll
0x000000007b680000 - 0x000000007bb4d000 	C:\Program Files\MATLAB\R2011b\bin\win64\mlutil.dll
0x000000005edb0000 - 0x000000005ee2f000 	C:\Program Files\MATLAB\R2011b\bin\win64\xmlcore.dll
0x000000007bc30000 - 0x000000007be83000 	C:\Program Files\MATLAB\R2011b\bin\win64\xerces-c_2_7.dll
0x000007feff3e0000 - 0x000007feff42d000 	C:\Windows\system32\WS2_32.dll
0x000007feff640000 - 0x000007feff648000 	C:\Windows\system32\NSI.dll
0x0000000004290000 - 0x00000000042a6000 	C:\Program Files\MATLAB\R2011b\bin\win64\libmwsettings_res.dll
0x00000000043c0000 - 0x0000000004407000 	C:\Program Files\MATLAB\R2011b\bin\win64\boost_serialization-vc90-mt-1_44.dll
0x000007fefde90000 - 0x000007fefec18000 	C:\Windows\system32\SHELL32.dll
0x000007fefde10000 - 0x000007fefde81000 	C:\Windows\system32\SHLWAPI.dll
0x000007fefa300000 - 0x000007fefa3a0000 	C:\Windows\WinSxS\amd64_microsoft.windows.common-controls_6595b64144ccf1df_5.82.7601.18201_none_a4d3b9377117c3df\COMCTL32.dll
0x000007feff950000 - 0x000007feff9e7000 	C:\Windows\system32\COMDLG32.dll
0x000007fefb4a0000 - 0x000007fefb4b6000 	C:\Windows\system32\NETAPI32.dll
0x000007fefcaa0000 - 0x000007fefcaac000 	C:\Windows\system32\netutils.dll
0x000007fefd0f0000 - 0x000007fefd113000 	C:\Windows\system32\srvcli.dll
0x000007fefb480000 - 0x000007fefb495000 	C:\Windows\system32\wkscli.dll
0x000007feff430000 - 0x000007feff633000 	C:\Windows\system32\ole32.dll
0x000007fefecc0000 - 0x000007fefed97000 	C:\Windows\system32\OLEAUT32.dll
0x0000000074970000 - 0x0000000074a41000 	C:\Program Files\MATLAB\R2011b\bin\win64\mcr.dll
0x0000000075000000 - 0x0000000075324000 	C:\Program Files\MATLAB\R2011b\bin\win64\iqm.dll
0x000000005c4c0000 - 0x000000005cc90000 	C:\Program Files\MATLAB\R2011b\bin\win64\m_interpreter.dll
0x0000000072910000 - 0x0000000072925000 	C:\Program Files\MATLAB\R2011b\bin\win64\libmex.dll
0x000000005e100000 - 0x000000005e1ae000 	C:\Program Files\MATLAB\R2011b\bin\win64\m_dispatcher.dll
0x0000000074880000 - 0x000000007496d000 	C:\Program Files\MATLAB\R2011b\bin\win64\boost_regex-vc90-mt-1_44.dll
0x000000005ed20000 - 0x000000005eda4000 	C:\Program Files\MATLAB\R2011b\bin\win64\profiler.dll
0x0000000079f40000 - 0x0000000079f73000 	C:\Program Files\MATLAB\R2011b\bin\win64\libmwmathrng.dll
0x0000000074c10000 - 0x0000000074cea000 	C:\Program Files\MATLAB\R2011b\bin\win64\libmwmathcore.dll
0x0000000076160000 - 0x00000000761cb000 	C:\Program Files\MATLAB\R2011b\bin\win64\libmwspmatrix.dll
0x0000000075ea0000 - 0x0000000075f02000 	C:\Program Files\MATLAB\R2011b\bin\win64\libmwcholmod.dll
0x00000000044d0000 - 0x00000000044dd000 	C:\Program Files\MATLAB\R2011b\bin\win64\libmwamd.dll
0x00000000044f0000 - 0x00000000044fc000 	C:\Program Files\MATLAB\R2011b\bin\win64\libmwcolamd.dll
0x0000000071a70000 - 0x0000000071a89000 	C:\Program Files\MATLAB\R2011b\bin\win64\libmwblas.dll
0x0000000072290000 - 0x00000000722a2000 	C:\Program Files\MATLAB\R2011b\bin\win64\libmwbinder.dll
0x0000000072940000 - 0x000000007294b000 	C:\Program Files\MATLAB\R2011b\bin\win64\libmwompwrapper.dll
0x000000005e070000 - 0x000000005e0f2000 	C:\Program Files\MATLAB\R2011b\bin\win64\libmwlapack.dll
0x000000006ade0000 - 0x000000006ae01000 	C:\Program Files\MATLAB\R2011b\bin\win64\m_pcodeio.dll
0x0000000079b10000 - 0x0000000079b77000 	C:\Program Files\MATLAB\R2011b\bin\win64\m_ir.dll
0x000000005be80000 - 0x000000005c4c0000 	C:\Program Files\MATLAB\R2011b\bin\win64\m_parser.dll
0x000000006d390000 - 0x000000006d3aa000 	C:\Program Files\MATLAB\R2011b\bin\win64\ir_xfmr.dll
0x000000005bbf0000 - 0x000000005be75000 	C:\Program Files\MATLAB\R2011b\bin\win64\mcos.dll
0x00000000724b0000 - 0x00000000724bc000 	C:\Program Files\MATLAB\R2011b\bin\win64\mtok.dll
0x000000005e030000 - 0x000000005e061000 	C:\Program Files\MATLAB\R2011b\bin\win64\m_pcodegen.dll
0x0000000079fb0000 - 0x0000000079fe5000 	C:\Program Files\MATLAB\R2011b\bin\win64\libmwbridge.dll
0x000000005df60000 - 0x000000005e028000 	C:\Program Files\MATLAB\R2011b\bin\win64\udd.dll
0x000000005b290000 - 0x000000005b3d7000 	C:\Program Files\MATLAB\R2011b\bin\win64\libmwgui.dll
0x0000000071a50000 - 0x0000000071a67000 	C:\Program Files\MATLAB\R2011b\bin\win64\graphics_util.dll
0x0000000057080000 - 0x0000000057a30000 	C:\Program Files\MATLAB\R2011b\bin\win64\hg.dll
0x0000000076100000 - 0x0000000076158000 	C:\Program Files\MATLAB\R2011b\bin\win64\libmat.dll
0x0000000072d30000 - 0x0000000072f44000 	C:\Program Files\MATLAB\R2011b\bin\win64\hdf5dll.dll
0x0000000075710000 - 0x000000007579d000 	C:\Program Files\MATLAB\R2011b\bin\win64\jmi.dll
0x0000000004640000 - 0x000000000464e000 	C:\Program Files\MATLAB\R2011b\bin\win64\nativejava_services.dll
0x000000005df10000 - 0x000000005df53000 	C:\Program Files\MATLAB\R2011b\bin\win64\libmwhardcopy.dll
0x000000005dea0000 - 0x000000005df03000 	C:\Program Files\MATLAB\R2011b\bin\win64\libuij.dll
0x000000005b080000 - 0x000000005b287000 	C:\Program Files\MATLAB\R2011b\bin\win64\hgdatatypes.dll
0x000000005d3a0000 - 0x000000005d499000 	C:\Program Files\MATLAB\R2011b\bin\win64\hgutils.dll
0x000000005d2e0000 - 0x000000005d39d000 	C:\Program Files\MATLAB\R2011b\bin\win64\udd_mi.dll
0x00000000046b0000 - 0x0000000004979000 	C:\Program Files\MATLAB\R2011b\bin\win64\uiw.dll
0x0000000071af0000 - 0x0000000071aff000 	C:\Program Files\MATLAB\R2011b\bin\win64\uinone.dll
0x000007fef8220000 - 0x000007fef8238000 	C:\Windows\system32\MPR.dll
0x000000005ab90000 - 0x000000005b074000 	C:\Windows\WinSxS\amd64_microsoft.vc90.mfc_1fc8b3b9a1e18e3b_9.0.30729.5054_none_044966a7ab1fe75a\mfc90.dll
0x000007fefa7d0000 - 0x000007fefa7d7000 	C:\Windows\system32\MSIMG32.dll
0x000007fefa640000 - 0x000007fefa6b1000 	C:\Windows\system32\WINSPOOL.DRV
0x000000005de70000 - 0x000000005de91000 	C:\Program Files\MATLAB\R2011b\bin\win64\mwoles05.DLL
0x000000005bb70000 - 0x000000005bbe5000 	C:\Program Files\MATLAB\R2011b\bin\win64\comcli.dll
0x0000000072740000 - 0x000000007276f000 	C:\Windows\WinSxS\amd64_microsoft.vc90.atl_1fc8b3b9a1e18e3b_9.0.30729.5054_none_0a1e8d3fa769eea9\ATL90.DLL
0x00000000719d0000 - 0x00000000719dc000 	C:\Program Files\MATLAB\R2011b\bin\win64\mlautoregister.dll
0x00000000049d0000 - 0x00000000049e0000 	C:\Program Files\MATLAB\R2011b\bin\win64\boost_iostreams-vc90-mt-1_44.dll
0x000007fefd9f0000 - 0x000007fefda1e000 	C:\Windows\system32\IMM32.DLL
0x000007feff0c0000 - 0x000007feff1c9000 	C:\Windows\system32\MSCTF.dll
0x000007fefbf20000 - 0x000007fefbf76000 	C:\Windows\system32\UxTheme.dll
0x000007fefb9c0000 - 0x000007fefb9d8000 	C:\Windows\system32\dwmapi.dll
0x000000006d380000 - 0x000000006d38d000 	C:\Windows\WinSxS\amd64_microsoft.vc90.mfcloc_1fc8b3b9a1e18e3b_9.0.30729.5054_none_01c811ba60cd246c\MFC90ENU.DLL
0x0000000004b30000 - 0x0000000004b59000 	C:\Program Files\MATLAB\R2011b\bin\win64\tbbmalloc.dll
0x000007fefd5e0000 - 0x000007fefd5ef000 	C:\Windows\system32\profapi.dll
0x000007fef95a0000 - 0x000007fef95af000 	C:\Program Files\MATLAB\R2011b\bin\win64\xmlxrcsc.dll
0x000007fefd4d0000 - 0x000007fefd4df000 	C:\Windows\system32\CRYPTBASE.dll
0x000007fefbf80000 - 0x000007fefc174000 	C:\Windows\WinSxS\amd64_microsoft.windows.common-controls_6595b64144ccf1df_6.0.7601.17514_none_fa396087175ac9ac\comctl32.dll
0x000007feff710000 - 0x000007feff8e7000 	C:\Windows\system32\SETUPAPI.dll
0x000007fefd9b0000 - 0x000007fefd9e6000 	C:\Windows\system32\CFGMGR32.dll
0x000007fefd990000 - 0x000007fefd9aa000 	C:\Windows\system32\DEVOBJ.dll
0x000007feff670000 - 0x000007feff709000 	C:\Windows\system32\CLBCatQ.DLL
0x000007fefb9e0000 - 0x000007fefbb0c000 	C:\Windows\system32\propsys.dll
0x000007fefc6f0000 - 0x000007fefc71d000 	C:\Windows\system32\ntmarta.dll
0x000007feff8f0000 - 0x000007feff942000 	C:\Windows\system32\WLDAP32.dll
0x00000000718f0000 - 0x00000000718f3000 	C:\Windows\system32\icmp.Dll
0x000007fefabf0000 - 0x000007fefac17000 	C:\Windows\system32\iphlpapi.DLL
0x000007fefab90000 - 0x000007fefab9b000 	C:\Windows\system32\WINNSI.DLL
0x000007fefd440000 - 0x000007fefd465000 	C:\Windows\system32\SspiCli.dll
0x000007fefb080000 - 0x000007fefb095000 	C:\Windows\system32\NLAapi.dll
0x000007fef7bc0000 - 0x000007fef7bd5000 	C:\Windows\system32\napinsp.dll
0x000007fef7b60000 - 0x000007fef7b79000 	C:\Windows\system32\pnrpnsp.dll

VM Arguments:
jvm_args: -Xss512k -XX:PermSize=32m -Xms64m -XX:NewRatio=3 -XX:MaxPermSize=128m -Xmx196m -XX:MaxDirectMemorySize=2147400000 -Dsun.java2d.noddraw=true -Dsun.awt.nopixfmt=true -Xshare:off -Xrs -Dsun.awt.disableMixing=true -Djava.library.path=C:\Program Files\MATLAB\R2011b\bin\win64 vfprintf abort 
java_command: <unknown>
Launcher Type: generic

Environment Variables:
CLASSPATH=.;C:\Program Files (x86)\QuickTime\QTSystem\QTJava.zip
PATH=C:\Windows\system32;C:\Windows;C:\Windows\System32\Wbem;C:\Windows\System32\WindowsPowerShell\v1.0\;C:\Program Files\MATLAB\R2011b\bin;C:\Program Files (x86)\IVI Foundation\IVI\bin;C:\Program Files\IVI Foundation\IVI\bin;C:\Program Files\IVI Foundation\VISA\Win64\Bin\;C:\Program Files (x86)\IVI Foundation\VISA\WinNT\Bin\;C:\Program Files (x86)\IVI Foundation\VISA\WinNT\Bin;C:\Program Files (x86)\PharosSystems\Core;c:\Program Files (x86)\Microsoft SQL Server\100\Tools\Binn\;c:\Program Files\Microsoft SQL Server\100\Tools\Binn\;c:\Program Files\Microsoft SQL Server\100\DTS\Binn\;C:\Program Files (x86)\QuickTime\QTSystem\
USERNAME=ejl334
OS=Windows_NT
PROCESSOR_IDENTIFIER=Intel64 Family 6 Model 23 Stepping 10, GenuineIntel



---------------  S Y S T E M  ---------------

OS: Windows 7 Build 7601 Service Pack 1

CPU:total 4 (4 cores per cpu, 1 threads per core) family 6 model 23 stepping 10, cmov, cx8, fxsr, mmx, sse, sse2, sse3, ssse3, sse4.1

Memory: 4k page, physical 4191904k(590072k free), swap 9096340k(764888k free)

vm_info: Java HotSpot(TM) 64-Bit Server VM (14.3-b01) for windows-amd64 JRE (1.6.0_17-b04), built on Oct 11 2009 00:46:08 by "java_re" with MS VC++ 8.0

time: Wed Sep 24 05:39:16 2014
elapsed time: 16795 seconds

