#
# A fatal error has been detected by the Java Runtime Environment:
#
#  Internal Error (os_windows_x86.cpp:114), pid=340, tid=7012
#  Error: guarantee(result == -1,"Unexpected result from topLevelExceptionFilter")
#
# JRE version: 6.0_17-b04
# Java VM: Java HotSpot(TM) 64-Bit Server VM (14.3-b01 mixed mode windows-amd64 )
# If you would like to submit a bug report, please visit:
#   http://java.sun.com/webapps/bugreport/crash.jsp
# The crash happened outside the Java Virtual Machine in native code.
# See problematic frame for where to report the bug.
#

---------------  T H R E A D  ---------------

Current thread (0x000000000551e800):  JavaThread "main" [_thread_in_native, id=7012, stack(0x00000000000e0000,0x00000000040e0000)]

Stack: [0x00000000000e0000,0x00000000040e0000]
[error occurred during error reporting (printing stack bounds), id 0xc0000005]

Java frames: (J=compiled Java code, j=interpreted, Vv=VM code)
j  com.mathworks.jmi.NativeMatlab.ProcessPendingEvents()Z+0
j  com.mathworks.jmi.NativeMatlab.processPendingEvents()Z+8
j  com.mathworks.jmi.Matlab$ProcessPendingEvents.callBooleanMethod(Ljava/lang/Object;)Z+0
j  com.mathworks.util.FactoryUtils.processPendingEvents()Z+12
j  com.mathworks.widgets.desk.Desktop.canClose()Z+38
j  com.mathworks.mde.desk.MLDesktop.canClose()Z+113
j  com.mathworks.mde.desk.MLDesktop$2.call()Ljava/lang/Boolean;+4
j  com.mathworks.mde.desk.MLDesktop$2.call()Ljava/lang/Object;+1
j  com.mathworks.jmi.Matlab.isOkToExit()Z+54
v  ~StubRoutines::call_stub
j  com.mathworks.jmi.NativeMatlab.SendMatlabMessage(Ljava/lang/Object;)Ljava/lang/Object;+0
j  com.mathworks.jmi.NativeMatlab.sendMatlabMessage(Ljava/lang/Object;)Ljava/lang/Object;+22
j  com.mathworks.jmi.MatlabLooper.sendMatlabMessage(Lcom/mathworks/services/message/MWMessage;)Ljava/lang/Object;+20
j  com.mathworks.jmi.Matlab.mtFevalConsoleOutput(Ljava/lang/String;[Ljava/lang/Object;I)Ljava/lang/Object;+58
j  com.mathworks.mde.desk.MLDesktop$9.run()V+14
j  com.mathworks.jmi.NativeMatlab.dispatchMTRequests(Z)V+57
v  ~StubRoutines::call_stub

---------------  P R O C E S S  ---------------

Java Threads: ( => current thread )
  0x0000000058932000 JavaThread "Code Analyzer updating thread" [_thread_blocked, id=3556, stack(0x0000000019530000,0x00000000195b0000)]
  0x0000000058930800 JavaThread "Foxtrot Single Worker Thread #1" daemon [_thread_blocked, id=6428, stack(0x0000000019740000,0x00000000197c0000)]
  0x0000000058933000 JavaThread "Code Analyzer updating thread" [_thread_blocked, id=9188, stack(0x00000000237c0000,0x0000000023840000)]
  0x000000000ebda000 JavaThread "Code Analyzer updating thread" [_thread_blocked, id=8316, stack(0x0000000023710000,0x0000000023790000)]
  0x000000005892f000 JavaThread "Code Analyzer updating thread" [_thread_blocked, id=5740, stack(0x0000000053550000,0x00000000535d0000)]
  0x000000005892e800 JavaThread "Prefs Updater" daemon [_thread_blocked, id=9388, stack(0x0000000054030000,0x00000000540b0000)]
  0x000000000ebdf800 JavaThread "Code Analyzer updating thread" [_thread_blocked, id=9768, stack(0x00000000530a0000,0x0000000053120000)]
  0x000000000ebe0800 JavaThread "Active Reference Queue Daemon" daemon [_thread_blocked, id=9848, stack(0x0000000052ee0000,0x0000000052f60000)]
  0x000000000ebdf000 JavaThread "Timer-9" daemon [_thread_blocked, id=6724, stack(0x0000000052dc0000,0x0000000052e40000)]
  0x000000000ebde000 JavaThread "Explorer NavigationContext request queue" [_thread_blocked, id=3040, stack(0x0000000052be0000,0x0000000052c60000)]
  0x000000000ebdd000 JavaThread "AddressBar directory emptiness poller" [_thread_blocked, id=8896, stack(0x0000000052b00000,0x0000000052b80000)]
  0x000000000ebdc000 JavaThread "Timer-2" [_thread_blocked, id=8420, stack(0x00000000529e0000,0x0000000052a60000)]
  0x000000000ebdb800 JavaThread "Timer-1" daemon [_thread_blocked, id=160, stack(0x0000000025390000,0x0000000025410000)]
  0x000000000ebd6800 JavaThread "TimerQueue" daemon [_thread_blocked, id=6012, stack(0x00000000191a0000,0x0000000019220000)]
  0x000000000ebd8800 JavaThread "FelixPackageAdmin" daemon [_thread_blocked, id=6496, stack(0x0000000035630000,0x00000000356b0000)]
  0x000000000ebd7800 JavaThread "FelixStartLevel" daemon [_thread_blocked, id=7828, stack(0x0000000029470000,0x00000000294f0000)]
  0x000000000ebd7000 JavaThread "FelixDispatchQueue" daemon [_thread_blocked, id=9776, stack(0x000000000df50000,0x000000000dfd0000)]
  0x000000000ebd5800 JavaThread "AWT-EventQueue-0" [_thread_blocked, id=2732, stack(0x0000000015010000,0x0000000015090000)]
  0x000000000ebd5000 JavaThread "com.google.common.base.internal.Finalizer" daemon [_thread_blocked, id=2364, stack(0x0000000021300000,0x0000000021380000)]
  0x000000000ebd3800 JavaThread "AWT-Windows" daemon [_thread_in_native, id=7208, stack(0x000000000ff70000,0x000000000fff0000)]
  0x000000000ebd2800 JavaThread "AWT-Shutdown" [_thread_blocked, id=4760, stack(0x000000000fea0000,0x000000000ff20000)]
  0x000000000ebd2000 JavaThread "Java2D Disposer" daemon [_thread_blocked, id=3948, stack(0x000000000d0c0000,0x000000000d140000)]
  0x000000000ebd1000 JavaThread "Timer-0" [_thread_blocked, id=4280, stack(0x000000000fce0000,0x000000000fd60000)]
  0x000000000eabc800 JavaThread "EventMgr Dispatcher" daemon [_thread_in_native, id=8228, stack(0x0000000010f70000,0x0000000014f70000)]
  0x000000000dc66800 JavaThread "Low Memory Detector" daemon [_thread_blocked, id=5256, stack(0x000000000dfe0000,0x000000000e060000)]
  0x000000000dc63000 JavaThread "CompilerThread1" daemon [_thread_blocked, id=7912, stack(0x000000008c210000,0x0000000090210000)]
  0x000000000dc5d800 JavaThread "CompilerThread0" daemon [_thread_blocked, id=6760, stack(0x0000000088190000,0x000000008c190000)]
  0x000000000dc58800 JavaThread "Attach Listener" daemon [_thread_blocked, id=8680, stack(0x000000000d150000,0x000000000d1d0000)]
  0x00000000055de000 JavaThread "Finalizer" daemon [_thread_blocked, id=9664, stack(0x000000000dec0000,0x000000000df40000)]
  0x000000000dc13800 JavaThread "Reference Handler" daemon [_thread_blocked, id=4724, stack(0x000000000de20000,0x000000000dea0000)]
=>0x000000000551e800 JavaThread "main" [_thread_in_native, id=7012, stack(0x00000000000e0000,0x00000000040e0000)]

Other Threads:
  0x00000000055d5800 VMThread [stack: 0x00000000840b0000,0x00000000880b0000] [id=7044]
  0x000000000dc96800 WatcherThread [stack: 0x00000000902c0000,0x00000000942c0000] [id=5640]

VM state:not at safepoint (normal execution)

VM Mutex/Monitor currently owned by a thread: None

Heap
 PSYoungGen      total 15680K, used 7605K [0x000000004da30000, 0x000000004ea30000, 0x0000000050b30000)
  eden space 15104K, 46% used [0x000000004da30000,0x000000004e10eb70,0x000000004e8f0000)
  from space 576K, 99% used [0x000000004e9a0000,0x000000004ea2eb48,0x000000004ea30000)
  to   space 640K, 0% used [0x000000004e8f0000,0x000000004e8f0000,0x000000004e990000)
 PSOldGen        total 91200K, used 53890K [0x0000000044730000, 0x000000004a040000, 0x000000004da30000)
  object space 91200K, 59% used [0x0000000044730000,0x0000000047bd08d8,0x000000004a040000)
 PSPermGen       total 115392K, used 59812K [0x000000003c730000, 0x00000000437e0000, 0x0000000044730000)
  object space 115392K, 51% used [0x000000003c730000,0x0000000040199388,0x00000000437e0000)

Dynamic libraries:
0x000000013fe70000 - 0x000000013fea2000 	C:\Program Files\MATLAB\R2012a\bin\win64\matlab.exe
0x0000000077680000 - 0x0000000077829000 	C:\Windows\SYSTEM32\ntdll.dll
0x0000000077250000 - 0x000000007736f000 	C:\Windows\system32\kernel32.dll
0x000007fefdb90000 - 0x000007fefdbfb000 	C:\Windows\system32\KERNELBASE.dll
0x0000000074460000 - 0x0000000074554000 	C:\Program Files\MATLAB\R2012a\bin\win64\libut.dll
0x00000000758a0000 - 0x0000000075952000 	C:\Program Files\MATLAB\R2012a\bin\win64\libmwi18n.dll
0x0000000180000000 - 0x000000018000b000 	C:\Program Files\MATLAB\R2012a\bin\win64\libmwresource_core.dll
0x0000000072650000 - 0x0000000072723000 	C:\Windows\WinSxS\amd64_microsoft.vc90.crt_1fc8b3b9a1e18e3b_9.0.30729.5054_none_08e4d1f3a83cf865\MSVCP90.dll
0x0000000074e60000 - 0x0000000074efd000 	C:\Windows\WinSxS\amd64_microsoft.vc90.crt_1fc8b3b9a1e18e3b_9.0.30729.5054_none_08e4d1f3a83cf865\MSVCR90.dll
0x000000007a170000 - 0x000000007a19c000 	C:\Program Files\MATLAB\R2012a\bin\win64\boost_filesystem-vc90-mt-1_44.dll
0x000000007a560000 - 0x000000007a569000 	C:\Program Files\MATLAB\R2012a\bin\win64\boost_system-vc90-mt-1_44.dll
0x000007fefe310000 - 0x000007fefe3eb000 	C:\Windows\system32\ADVAPI32.dll
0x000007feff5a0000 - 0x000007feff63f000 	C:\Windows\system32\msvcrt.dll
0x000007feff830000 - 0x000007feff84f000 	C:\Windows\SYSTEM32\sechost.dll
0x000007feff850000 - 0x000007feff97d000 	C:\Windows\system32\RPCRT4.dll
0x000000007a010000 - 0x000000007a035000 	C:\Program Files\MATLAB\R2012a\bin\win64\LIBEXPAT.dll
0x0000000064590000 - 0x0000000064781000 	C:\Program Files\MATLAB\R2012a\bin\win64\icuin44.dll
0x0000000074a00000 - 0x0000000074b71000 	C:\Program Files\MATLAB\R2012a\bin\win64\icuuc44.dll
0x0000000010000000 - 0x0000000010e41000 	C:\Program Files\MATLAB\R2012a\bin\win64\icudt44.dll
0x0000000073f70000 - 0x00000000740ad000 	C:\Program Files\MATLAB\R2012a\bin\win64\libmwfl.dll
0x0000000004250000 - 0x0000000004546000 	C:\Program Files\MATLAB\R2012a\bin\win64\libmwMATLAB_res.dll
0x000000007a3b0000 - 0x000000007a3c0000 	C:\Program Files\MATLAB\R2012a\bin\win64\boost_date_time-vc90-mt-1_44.dll
0x000000007a250000 - 0x000000007a263000 	C:\Program Files\MATLAB\R2012a\bin\win64\boost_signals-vc90-mt-1_44.dll
0x000000007a2d0000 - 0x000000007a2e2000 	C:\Program Files\MATLAB\R2012a\bin\win64\boost_thread-vc90-mt-1_44.dll
0x0000000004590000 - 0x00000000045d6000 	C:\Program Files\MATLAB\R2012a\bin\win64\tbb.dll
0x000007fefe4f0000 - 0x000007fefe509000 	C:\Windows\system32\imagehlp.dll
0x0000000077840000 - 0x0000000077847000 	C:\Windows\system32\PSAPI.DLL
0x0000000074ca0000 - 0x0000000074cb3000 	C:\Program Files\MATLAB\R2012a\bin\win64\icuio44.dll
0x000007fef5260000 - 0x000007fef5385000 	C:\Windows\system32\dbghelp.dll
0x0000000077370000 - 0x000000007746a000 	C:\Windows\system32\USER32.dll
0x000007fefe400000 - 0x000007fefe467000 	C:\Windows\system32\GDI32.dll
0x000007feff980000 - 0x000007feff98e000 	C:\Windows\system32\LPK.dll
0x000007feff2f0000 - 0x000007feff3b9000 	C:\Windows\system32\USP10.dll
0x000000007bed0000 - 0x000000007c183000 	C:\Program Files\MATLAB\R2012a\bin\win64\libmwservices.dll
0x0000000075a20000 - 0x0000000075ae2000 	C:\Program Files\MATLAB\R2012a\bin\win64\libmx.dll
0x000000007a210000 - 0x000000007a228000 	C:\Program Files\MATLAB\R2012a\bin\win64\zlib1.dll
0x0000000004630000 - 0x0000000004651000 	C:\Program Files\MATLAB\R2012a\bin\win64\libmwmfl_scalar.dll
0x0000000075f10000 - 0x0000000075f5d000 	C:\Program Files\MATLAB\R2012a\bin\win64\mpath.dll
0x000000007b680000 - 0x000000007bbe1000 	C:\Program Files\MATLAB\R2012a\bin\win64\mlutil.dll
0x000000006c990000 - 0x000000006ca0f000 	C:\Program Files\MATLAB\R2012a\bin\win64\xmlcore.dll
0x000000007bc30000 - 0x000000007be83000 	C:\Program Files\MATLAB\R2012a\bin\win64\xerces-c_2_7.dll
0x000007fefe510000 - 0x000007fefe55d000 	C:\Windows\system32\WS2_32.dll
0x000007fefe3f0000 - 0x000007fefe3f8000 	C:\Windows\system32\NSI.dll
0x00000000046b0000 - 0x00000000046ca000 	C:\Program Files\MATLAB\R2012a\bin\win64\libmwMATLAB_settings_res.dll
0x00000000046e0000 - 0x0000000004727000 	C:\Program Files\MATLAB\R2012a\bin\win64\boost_serialization-vc90-mt-1_44.dll
0x000007fefe560000 - 0x000007feff2e8000 	C:\Windows\system32\SHELL32.dll
0x000007fefe470000 - 0x000007fefe4e1000 	C:\Windows\system32\SHLWAPI.dll
0x000007fef8690000 - 0x000007fef8730000 	C:\Windows\WinSxS\amd64_microsoft.windows.common-controls_6595b64144ccf1df_5.82.7601.18201_none_a4d3b9377117c3df\COMCTL32.dll
0x000007fefdf80000 - 0x000007fefe017000 	C:\Windows\system32\COMDLG32.dll
0x000007fefbbf0000 - 0x000007fefbc06000 	C:\Windows\system32\NETAPI32.dll
0x000007fefcfa0000 - 0x000007fefcfac000 	C:\Windows\system32\netutils.dll
0x000007fefd5c0000 - 0x000007fefd5e3000 	C:\Windows\system32\srvcli.dll
0x000007fefbbd0000 - 0x000007fefbbe5000 	C:\Windows\system32\wkscli.dll
0x000007fefe100000 - 0x000007fefe303000 	C:\Windows\system32\ole32.dll
0x000007fefe020000 - 0x000007fefe0f7000 	C:\Windows\system32\OLEAUT32.dll
0x0000000004740000 - 0x00000000048d6000 	C:\Program Files\MATLAB\R2012a\bin\win64\mcr.dll
0x0000000075000000 - 0x000000007536b000 	C:\Program Files\MATLAB\R2012a\bin\win64\iqm.dll
0x000000005f640000 - 0x000000005fe61000 	C:\Program Files\MATLAB\R2012a\bin\win64\m_interpreter.dll
0x0000000074c70000 - 0x0000000074c95000 	C:\Program Files\MATLAB\R2012a\bin\win64\libmex.dll
0x000000006c8d0000 - 0x000000006c983000 	C:\Program Files\MATLAB\R2012a\bin\win64\m_dispatcher.dll
0x0000000074880000 - 0x000000007496d000 	C:\Program Files\MATLAB\R2012a\bin\win64\boost_regex-vc90-mt-1_44.dll
0x0000000069820000 - 0x00000000698a4000 	C:\Program Files\MATLAB\R2012a\bin\win64\profiler.dll
0x0000000004950000 - 0x0000000004ba5000 	C:\Program Files\MATLAB\R2012a\bin\win64\libmwmathutil.dll
0x0000000079f40000 - 0x0000000079f6d000 	C:\Program Files\MATLAB\R2012a\bin\win64\libmwmathrng.dll
0x0000000004bd0000 - 0x0000000004cad000 	C:\Program Files\MATLAB\R2012a\bin\win64\libmwmathcore.dll
0x0000000076160000 - 0x00000000761cb000 	C:\Program Files\MATLAB\R2012a\bin\win64\libmwspmatrix.dll
0x0000000075ea0000 - 0x0000000075f02000 	C:\Program Files\MATLAB\R2012a\bin\win64\libmwcholmod.dll
0x000000007a460000 - 0x000000007a46d000 	C:\Program Files\MATLAB\R2012a\bin\win64\libmwamd.dll
0x000000007a4b0000 - 0x000000007a4bc000 	C:\Program Files\MATLAB\R2012a\bin\win64\libmwcolamd.dll
0x0000000074bd0000 - 0x0000000074be9000 	C:\Program Files\MATLAB\R2012a\bin\win64\libmwblas.dll
0x0000000074740000 - 0x0000000074752000 	C:\Program Files\MATLAB\R2012a\bin\win64\libmwbinder.dll
0x0000000074730000 - 0x000000007473b000 	C:\Program Files\MATLAB\R2012a\bin\win64\libmwompwrapper.dll
0x000000006c630000 - 0x000000006c6b6000 	C:\Program Files\MATLAB\R2012a\bin\win64\libmwlapack.dll
0x0000000073060000 - 0x0000000073081000 	C:\Program Files\MATLAB\R2012a\bin\win64\m_pcodeio.dll
0x0000000079b10000 - 0x0000000079b77000 	C:\Program Files\MATLAB\R2012a\bin\win64\m_ir.dll
0x000000005b7e0000 - 0x000000005be30000 	C:\Program Files\MATLAB\R2012a\bin\win64\m_parser.dll
0x0000000073130000 - 0x000000007314a000 	C:\Program Files\MATLAB\R2012a\bin\win64\ir_xfmr.dll
0x000000005f3c0000 - 0x000000005f639000 	C:\Program Files\MATLAB\R2012a\bin\win64\mcos.dll
0x0000000074f10000 - 0x0000000074f1c000 	C:\Program Files\MATLAB\R2012a\bin\win64\mtok.dll
0x000000006eb90000 - 0x000000006ebc1000 	C:\Program Files\MATLAB\R2012a\bin\win64\m_pcodegen.dll
0x0000000079fb0000 - 0x0000000079fe7000 	C:\Program Files\MATLAB\R2012a\bin\win64\libmwbridge.dll
0x0000000069530000 - 0x00000000695f8000 	C:\Program Files\MATLAB\R2012a\bin\win64\udd.dll
0x0000000068220000 - 0x0000000068372000 	C:\Program Files\MATLAB\R2012a\bin\win64\libmwgui.dll
0x0000000074700000 - 0x0000000074717000 	C:\Program Files\MATLAB\R2012a\bin\win64\graphics_util.dll
0x0000000053660000 - 0x0000000054003000 	C:\Program Files\MATLAB\R2012a\bin\win64\hg.dll
0x0000000004e00000 - 0x0000000004e67000 	C:\Program Files\MATLAB\R2012a\bin\win64\libmat.dll
0x0000000072d30000 - 0x0000000072f44000 	C:\Program Files\MATLAB\R2012a\bin\win64\hdf5dll.dll
0x0000000075710000 - 0x00000000757c1000 	C:\Program Files\MATLAB\R2012a\bin\win64\jmi.dll
0x0000000004ea0000 - 0x0000000004eae000 	C:\Program Files\MATLAB\R2012a\bin\win64\nativejava_services.dll
0x0000000071880000 - 0x00000000718c2000 	C:\Program Files\MATLAB\R2012a\bin\win64\libmwhardcopy.dll
0x000000006e8c0000 - 0x000000006e91a000 	C:\Program Files\MATLAB\R2012a\bin\win64\libuij.dll
0x0000000064380000 - 0x000000006458c000 	C:\Program Files\MATLAB\R2012a\bin\win64\hgdatatypes.dll
0x0000000068980000 - 0x0000000068a7d000 	C:\Program Files\MATLAB\R2012a\bin\win64\hgutils.dll
0x0000000069760000 - 0x000000006981d000 	C:\Program Files\MATLAB\R2012a\bin\win64\udd_mi.dll
0x0000000004f10000 - 0x0000000004f4b000 	C:\Program Files\MATLAB\R2012a\bin\win64\libmwgbtutils.dll
0x0000000004f60000 - 0x0000000004f79000 	C:\Program Files\MATLAB\R2012a\bin\win64\libmwgbt.dll
0x0000000004f90000 - 0x000000000525a000 	C:\Program Files\MATLAB\R2012a\bin\win64\uiw.dll
0x0000000073ee0000 - 0x0000000073eef000 	C:\Program Files\MATLAB\R2012a\bin\win64\uinone.dll
0x000007fef9500000 - 0x000007fef9518000 	C:\Windows\system32\MPR.dll
0x000000005c920000 - 0x000000005ce04000 	C:\Windows\WinSxS\amd64_microsoft.vc90.mfc_1fc8b3b9a1e18e3b_9.0.30729.5054_none_044966a7ab1fe75a\mfc90.dll
0x000007fefac70000 - 0x000007fefac77000 	C:\Windows\system32\MSIMG32.dll
0x000007fef9520000 - 0x000007fef9591000 	C:\Windows\system32\WINSPOOL.DRV
0x0000000073000000 - 0x0000000073020000 	C:\Program Files\MATLAB\R2012a\bin\win64\mwoles05.DLL
0x000000006ac30000 - 0x000000006acac000 	C:\Program Files\MATLAB\R2012a\bin\win64\comcli.dll
0x0000000073d10000 - 0x0000000073d3f000 	C:\Windows\WinSxS\amd64_microsoft.vc90.atl_1fc8b3b9a1e18e3b_9.0.30729.5054_none_0a1e8d3fa769eea9\ATL90.DLL
0x00000000734f0000 - 0x00000000734fc000 	C:\Program Files\MATLAB\R2012a\bin\win64\mlautoregister.dll
0x00000000052b0000 - 0x00000000052c0000 	C:\Program Files\MATLAB\R2012a\bin\win64\boost_iostreams-vc90-mt-1_44.dll
0x000007fefdeb0000 - 0x000007fefdede000 	C:\Windows\system32\IMM32.DLL
0x000007feff640000 - 0x000007feff749000 	C:\Windows\system32\MSCTF.dll
0x000007fefc420000 - 0x000007fefc476000 	C:\Windows\system32\UxTheme.dll
0x000007fefbec0000 - 0x000007fefbed8000 	C:\Windows\system32\dwmapi.dll
0x00000000735f0000 - 0x00000000735fd000 	C:\Windows\WinSxS\amd64_microsoft.vc90.mfcloc_1fc8b3b9a1e18e3b_9.0.30729.5054_none_01c811ba60cd246c\MFC90ENU.DLL
0x0000000005450000 - 0x0000000005479000 	C:\Program Files\MATLAB\R2012a\bin\win64\tbbmalloc.dll
0x0000000078870000 - 0x0000000078ecd000 	C:\Program Files\MATLAB\R2012a\sys\java\jre\win64\jre\bin\server\jvm.dll
0x000007fefb4b0000 - 0x000007fefb4eb000 	C:\Windows\system32\WINMM.dll
0x000007fefdae0000 - 0x000007fefdaef000 	C:\Windows\system32\profapi.dll
0x00000000733c0000 - 0x00000000733c3000 	C:\Windows\system32\icmp.Dll
0x000007fefaed0000 - 0x000007fefaef7000 	C:\Windows\system32\iphlpapi.DLL
0x000007fefaec0000 - 0x000007fefaecb000 	C:\Windows\system32\WINNSI.DLL
0x000007fefd960000 - 0x000007fefd985000 	C:\Windows\system32\SspiCli.dll
0x000007fefb180000 - 0x000007fefb195000 	C:\Windows\system32\NLAapi.dll
0x000007fef9e40000 - 0x000007fef9e55000 	C:\Windows\system32\napinsp.dll
0x000007fef9e60000 - 0x000007fef9e79000 	C:\Windows\system32\pnrpnsp.dll
0x000007fefd310000 - 0x000007fefd365000 	C:\Windows\System32\mswsock.dll
0x000007fefd190000 - 0x000007fefd1eb000 	C:\Windows\system32\DNSAPI.dll
0x000007fef9e10000 - 0x000007fef9e1b000 	C:\Windows\System32\winrnr.dll
0x0000000063560000 - 0x0000000063569000 	C:\Program Files\National Instruments\Shared\mDNS Responder\nimdnsNSP.dll
0x0000000063550000 - 0x000000006355e000 	C:\Windows\system32\nimdnsResponder.dll

VM Arguments:
jvm_args: -Xss512k -XX:PermSize=32m -Xms64m -XX:NewRatio=3 -XX:MaxPermSize=128m -Xmx196m -XX:MaxDirectMemorySize=2147400000 -Dsun.java2d.noddraw=true -Dsun.awt.nopixfmt=true -Xshare:off -Xrs -Dsun.awt.disableMixing=true -Djava.library.path=C:\Program Files\MATLAB\R2012a\bin\win64 vfprintf abort 
java_command: <unknown>
Launcher Type: generic

Environment Variables:
CLASSPATH=.;C:\Program Files (x86)\QuickTime\QTSystem\QTJava.zip
PATH=C:\Program Files (x86)\AMD APP\bin\x86_64;C:\Program Files (x86)\AMD APP\bin\x86;C:\Windows\system32;C:\Windows;C:\Windows\System32\Wbem;C:\Windows\System32\WindowsPowerShell\v1.0\;C:\Program Files (x86)\QuickTime\QTSystem\;C:\Program Files (x86)\IVI Foundation\IVI\bin;C:\Program Files\IVI Foundation\IVI\bin;C:\Program Files\IVI Foundation\VISA\Win64\Bin\;C:\Program Files (x86)\IVI Foundation\VISA\WinNT\Bin\;C:\Program Files (x86)\IVI Foundation\VISA\WinNT\Bin;C:\Program Files\MATLAB\R2012a\bin
USERNAME=lhq407
OS=Windows_NT
PROCESSOR_IDENTIFIER=Intel64 Family 6 Model 23 Stepping 10, GenuineIntel



---------------  S Y S T E M  ---------------

OS: Windows 7 Build 7601 Service Pack 1

CPU:total 2 (2 cores per cpu, 1 threads per core) family 6 model 23 stepping 10, cmov, cx8, fxsr, mmx, sse, sse2, sse3, ssse3, sse4.1

Memory: 4k page, physical 4091508k(1952816k free), swap 8181156k(5789688k free)

vm_info: Java HotSpot(TM) 64-Bit Server VM (14.3-b01) for windows-amd64 JRE (1.6.0_17-b04), built on Oct 11 2009 00:46:08 by "java_re" with MS VC++ 8.0

time: Wed Apr 16 10:22:30 2014
elapsed time: 53349 seconds

